2025-10-25 21:03:38 - migration - INFO - ================================================================================
2025-10-25 21:03:38 - migration - INFO - Evernote to Notion Migration Tool
2025-10-25 21:03:38 - migration - INFO - ================================================================================
2025-10-25 21:03:38 - migration - INFO - Source directory: /Users/sunchulkim/evernote
2025-10-25 21:03:38 - migration - INFO - Files to process: 1
2025-10-25 21:03:38 - migration - INFO - Upload cache: 2 existing entries
2025-10-25 21:03:38 - migration - INFO - Processing: 돌봄학개론.enex
2025-10-25 21:03:38 - migration - INFO -   Parsed 3 notes
2025-10-25 21:03:38 - migration - INFO -   Uploading 1 resources...
2025-10-25 21:03:40 - migration - INFO -   Uploaded: 1, Cached: 0, Failed: 0
2025-10-25 21:03:40 - migration - INFO -   Completed: 돌봄학개론.enex
2025-10-25 21:03:40 - migration - INFO - ================================================================================
2025-10-25 21:03:40 - migration - INFO - Migration Complete!
2025-10-25 21:03:40 - migration - INFO - ================================================================================
2025-10-25 21:03:40 - migration - INFO - Migration Progress:
  Files processed: 4
  Notes processed: 19
  Notes failed: 0
  Resources uploaded: 3

  Completed files: 4
  In-progress files: 0
2025-10-25 21:03:40 - migration - INFO - 
2025-10-25 21:03:40 - migration - INFO - Note: Notion API integration (Phase 3) not yet implemented.
2025-10-25 21:03:40 - migration - INFO -       Resources have been uploaded to Cloudinary.
2025-10-25 21:03:40 - migration - INFO -       Notion pages will be created once Phase 3 is complete.
